[2020-01-03T20:10:14.218] [DEBUG] cheese - login => username:admin,password:123456
[2020-01-03T20:10:14.222] [DEBUG] cheese - admin
[2020-01-03T20:10:14.245] [DEBUG] cheese - { inspect: [Function: inspect] }
[2020-01-03T20:10:14.248] [DEBUG] cheese - 查询失败
[2020-01-03T20:10:25.166] [DEBUG] cheese - login => username:lp,password:123456
[2020-01-03T20:10:25.166] [DEBUG] cheese - lp
[2020-01-03T20:10:25.171] [DEBUG] cheese - { inspect: [Function: inspect] }
[2020-01-03T20:10:25.172] [DEBUG] cheese - 查询失败
[2020-01-03T20:10:59.240] [DEBUG] cheese - login => username:admin,password:123456
[2020-01-03T20:10:59.240] [DEBUG] cheese - admin
[2020-01-03T20:10:59.248] [DEBUG] cheese - { inspect: [Function: inspect] }
[2020-01-03T20:10:59.249] [DEBUG] cheese - 查询失败
[2020-01-03T20:12:24.054] [DEBUG] cheese - login => username:admin,password:123456
[2020-01-03T20:12:24.054] [DEBUG] cheese - admin
[2020-01-03T20:12:24.062] [DEBUG] cheese - null
[2020-01-03T20:12:24.062] [DEBUG] cheese - null
[2020-01-03T20:14:32.434] [DEBUG] cheese - login => username:lp,password:111223
[2020-01-03T20:14:32.434] [DEBUG] cheese - lp
[2020-01-03T20:14:32.447] [DEBUG] cheese - null
[2020-01-03T20:14:32.447] [DEBUG] cheese - null
[2020-01-03T20:14:47.183] [DEBUG] cheese - login => username:admin,password:123456
[2020-01-03T20:14:47.183] [DEBUG] cheese - admin
[2020-01-03T20:14:47.186] [DEBUG] cheese - null
[2020-01-03T20:14:47.186] [DEBUG] cheese - null
[2020-01-03T20:16:34.444] [DEBUG] cheese - login => username:admin,password:123456
[2020-01-03T20:16:34.444] [DEBUG] cheese - admin
[2020-01-03T20:16:34.451] [DEBUG] cheese - null
[2020-01-03T20:16:34.451] [DEBUG] cheese - null
[2020-01-03T20:17:22.004] [DEBUG] cheese - login => username:admin,password:123456
[2020-01-03T20:17:22.004] [DEBUG] cheese - admin
[2020-01-03T20:17:22.009] [DEBUG] cheese - null
[2020-01-03T20:17:22.009] [DEBUG] cheese - null
[2020-01-03T21:44:59.087] [DEBUG] cheese - login => username:admin,password:123456
[2020-01-03T21:44:59.088] [DEBUG] cheese - admin
[2020-01-03T21:44:59.103] [DEBUG] cheese - null
[2020-01-03T21:44:59.103] [DEBUG] cheese - null
[2020-01-04T11:13:25.134] [DEBUG] cheese - null
[2020-01-04T11:14:23.568] [DEBUG] cheese - null
[2020-01-04T21:36:07.566] [DEBUG] cheese - login => username:admin,password:123456
[2020-01-04T21:36:07.570] [DEBUG] cheese - admin
[2020-01-04T21:36:07.592] [DEBUG] cheese - null
[2020-01-04T21:36:07.593] [DEBUG] cheese - null
[2020-01-04T21:46:00.216] [DEBUG] cheese - login => username:admin,password:123456
[2020-01-04T21:46:00.219] [DEBUG] cheese - admin
[2020-01-04T21:46:00.251] [DEBUG] cheese - null
[2020-01-04T21:46:00.251] [DEBUG] cheese - null
[2020-01-04T21:46:17.180] [DEBUG] cheese - login => username:lp,password:111223
[2020-01-04T21:46:17.180] [DEBUG] cheese - lp
[2020-01-04T21:46:17.191] [DEBUG] cheese - null
[2020-01-04T21:46:17.191] [DEBUG] cheese - null
[2020-01-04T21:56:40.374] [DEBUG] cheese - login => username:lp,password:111223
[2020-01-04T21:56:40.375] [DEBUG] cheese - lp
[2020-01-04T21:56:40.398] [DEBUG] cheese - null
[2020-01-04T21:56:40.399] [DEBUG] cheese - null
[2020-01-04T21:57:01.902] [DEBUG] cheese - login => username:admin,password:123456
[2020-01-04T21:57:01.903] [DEBUG] cheese - admin
[2020-01-04T21:57:01.915] [DEBUG] cheese - null
[2020-01-04T21:57:01.916] [DEBUG] cheese - null
[2020-01-04T21:57:25.719] [DEBUG] cheese - login => username:lp,password:111223
[2020-01-04T21:57:25.719] [DEBUG] cheese - lp
[2020-01-04T21:57:25.726] [DEBUG] cheese - null
[2020-01-04T21:57:25.726] [DEBUG] cheese - null
[2020-01-04T21:57:49.524] [DEBUG] cheese - login => username:lp,password:111223
[2020-01-04T21:57:49.524] [DEBUG] cheese - lp
[2020-01-04T21:57:49.531] [DEBUG] cheese - null
[2020-01-04T21:57:49.531] [DEBUG] cheese - null
[2020-01-04T21:58:12.140] [DEBUG] cheese - login => username:lp,password:111223
[2020-01-04T21:58:12.140] [DEBUG] cheese - lp
[2020-01-04T21:58:12.145] [DEBUG] cheese - null
[2020-01-04T21:58:12.145] [DEBUG] cheese - null
[2020-01-04T21:58:17.912] [DEBUG] cheese - login => username:admin,password:123456
[2020-01-04T21:58:17.912] [DEBUG] cheese - admin
[2020-01-04T21:58:17.921] [DEBUG] cheese - null
[2020-01-04T21:58:17.921] [DEBUG] cheese - null
[2020-01-04T21:59:50.457] [DEBUG] cheese - login => username:admin,password:123456
[2020-01-04T21:59:50.458] [DEBUG] cheese - admin
[2020-01-04T21:59:50.468] [DEBUG] cheese - null
[2020-01-04T21:59:50.468] [DEBUG] cheese - null
[2020-01-04T22:00:35.892] [DEBUG] cheese - login => username:admin,password:123456
[2020-01-04T22:00:35.892] [DEBUG] cheese - admin
[2020-01-04T22:00:35.896] [DEBUG] cheese - null
[2020-01-04T22:00:35.896] [DEBUG] cheese - null
[2020-01-06T09:02:32.734] [DEBUG] cheese - login => username:lp,password:111223
[2020-01-06T09:02:32.735] [DEBUG] cheese - lp
[2020-01-06T09:02:32.746] [DEBUG] cheese - null
[2020-01-06T09:02:32.747] [DEBUG] cheese - null
[2020-01-06T09:02:40.414] [DEBUG] cheese - login => username:admin,password:123456
[2020-01-06T09:02:40.414] [DEBUG] cheese - admin
[2020-01-06T09:02:40.419] [DEBUG] cheese - null
[2020-01-06T09:02:40.419] [DEBUG] cheese - null
[2020-01-06T09:03:23.177] [DEBUG] cheese - login => username:xiaoai,password:111223
[2020-01-06T09:03:23.178] [DEBUG] cheese - xiaoai
[2020-01-06T09:03:23.184] [DEBUG] cheese - null
[2020-01-06T09:03:23.185] [DEBUG] cheese - null
[2020-01-06T09:03:29.123] [DEBUG] cheese - login => username:xiaoai,password:123456
[2020-01-06T09:03:29.123] [DEBUG] cheese - xiaoai
[2020-01-06T09:03:29.128] [DEBUG] cheese - null
[2020-01-06T09:03:29.128] [DEBUG] cheese - null
[2020-01-06T09:03:36.880] [DEBUG] cheese - login => username:lp,password:111223
[2020-01-06T09:03:36.880] [DEBUG] cheese - lp
[2020-01-06T09:03:36.884] [DEBUG] cheese - null
[2020-01-06T09:03:36.884] [DEBUG] cheese - null
[2020-01-06T09:03:44.798] [DEBUG] cheese - login => username:test,password:123456
[2020-01-06T09:03:44.799] [DEBUG] cheese - test
[2020-01-06T09:03:44.805] [DEBUG] cheese - null
[2020-01-06T09:03:44.805] [DEBUG] cheese - null
[2020-01-06T09:03:58.787] [DEBUG] cheese - login => username:xiaoai,password:123456
[2020-01-06T09:03:58.787] [DEBUG] cheese - xiaoai
[2020-01-06T09:03:58.789] [DEBUG] cheese - null
[2020-01-06T09:03:58.789] [DEBUG] cheese - null
[2020-01-06T09:04:12.233] [DEBUG] cheese - login => username:admin,password:123456
[2020-01-06T09:04:12.233] [DEBUG] cheese - admin
[2020-01-06T09:04:12.238] [DEBUG] cheese - null
[2020-01-06T09:04:12.239] [DEBUG] cheese - null
[2020-01-06T09:05:35.696] [DEBUG] cheese - login => username:lp,password:111223
[2020-01-06T09:05:35.696] [DEBUG] cheese - lp
[2020-01-06T09:05:35.702] [DEBUG] cheese - null
[2020-01-06T09:05:35.702] [DEBUG] cheese - null
[2020-01-06T09:05:49.581] [DEBUG] cheese - login => username:admin,password:123456
[2020-01-06T09:05:49.581] [DEBUG] cheese - admin
[2020-01-06T09:05:49.584] [DEBUG] cheese - null
[2020-01-06T09:05:49.584] [DEBUG] cheese - null
[2020-01-06T10:38:52.227] [DEBUG] cheese - null
[2020-01-06T10:39:06.250] [DEBUG] cheese - null
[2020-01-06T10:39:49.897] [DEBUG] cheese - null
[2020-01-06T16:20:24.024] [DEBUG] cheese - null
[2020-01-06T16:21:29.478] [DEBUG] cheese - null
[2020-01-06T16:24:02.717] [DEBUG] cheese - null
[2020-01-06T16:25:29.151] [DEBUG] cheese - null
[2020-01-06T16:28:14.016] [DEBUG] cheese - null
[2020-01-06T16:33:44.248] [DEBUG] cheese - null
[2020-01-06T16:34:35.575] [DEBUG] cheese - null
[2020-01-06T16:36:18.060] [DEBUG] cheese - null
[2020-01-06T16:37:10.375] [DEBUG] cheese - null
[2020-01-06T18:10:16.929] [DEBUG] cheese - login => username:lp,password:111223
[2020-01-06T18:10:16.929] [DEBUG] cheese - lp
[2020-01-06T18:10:16.932] [DEBUG] cheese - null
[2020-01-06T18:10:16.932] [DEBUG] cheese - null
[2020-01-06T18:10:34.619] [DEBUG] cheese - login => username:admin,password:123456
[2020-01-06T18:10:34.619] [DEBUG] cheese - admin
[2020-01-06T18:10:34.621] [DEBUG] cheese - null
[2020-01-06T18:10:34.622] [DEBUG] cheese - null
[2020-01-07T08:52:52.284] [DEBUG] cheese - null
[2020-01-07T08:53:03.328] [DEBUG] cheese - null
[2020-01-07T08:54:30.912] [DEBUG] cheese - null
[2020-01-07T10:43:57.287] [DEBUG] cheese - null
[2020-01-07T10:51:22.911] [DEBUG] cheese - login => username:admin,password:123456
[2020-01-07T10:51:22.912] [DEBUG] cheese - admin
[2020-01-07T10:51:22.915] [DEBUG] cheese - null
[2020-01-07T10:51:22.916] [DEBUG] cheese - null
